mingw32-make.exe all --print-data-base --no-builtin-variables --no-builtin-rules --question
# GNU Make 3.82.90
# Built for i686-pc-mingw32
# Copyright (C) 1988-2012 Free Software Foundation, Inc.
# License GPLv3+: GNU GPL version 3 or later <http://gnu.org/licenses/gpl.html>
# This is free software: you are free to change and redistribute it.
# There is NO WARRANTY, to the extent permitted by law.
 

# Make data base, printed on Sat May 01 13:18:43 2021

# Variables

# environment
VSCODE_GIT_ASKPASS_MAIN = c:\Users\buikr\AppData\Local\Programs\Microsoft VS Code\resources\app\extensions\git\dist\askpass-main.js
# automatic
<D = $(patsubst %/,%,$(patsubst %\,%,$(dir $<)))
# automatic
?F = $(notdir $?)
# environment
CommonProgramFiles = C:\Program Files (x86)\Common Files
# default
.SHELLFLAGS := -c
# makefile
MAKEFLAGS = Rrqp
# environment
VSCODE_LOG_NATIVE = false
# automatic
?D = $(patsubst %/,%,$(patsubst %\,%,$(dir $?)))
# automatic
@D = $(patsubst %/,%,$(patsubst %\,%,$(dir $@)))
# environment
HOMEDRIVE = C:
# automatic
@F = $(notdir $@)
# automatic
^D = $(patsubst %/,%,$(patsubst %\,%,$(dir $^)))
# makefile
CURDIR := c:/Users/buikr/Desktop/2DRogueLike
# default
SHELL := sh.exe
# environment
ProgramFiles(x86) = C:\Program Files (x86)
# environment
VSCODE_NLS_CONFIG = {"locale":"en-us","availableLanguages":{},"_languagePackSupport":true}
# environment
PATHEXT = .COM;.EXE;.BAT;.CMD;.VBS;.VBE;.JS;.JSE;.WSF;.WSH;.MSC
# makefile
MAKEFILE_LIST := 
# environment
SystemRoot = C:\Windows
# environment
VSCODE_NODE_CACHED_DATA_DIR = C:\Users\buikr\AppData\Roaming\Code\CachedData\3c4e3df9e89829dce27b7b5c24508306b151f30d
# environment
TMP = C:\Users\buikr\AppData\Local\Temp
# environment
VSCODE_VERBOSE_LOGGING = true
# environment
SystemDrive = C:
# environment
CommonProgramFiles(x86) = C:\Program Files (x86)\Common Files
# environment
VSCODE_IPC_HOOK_EXTHOST = \\.\pipe\vscode-ipc-aebb6090-cfe0-47d3-9aab-cb14c5412434-sock
# environment
VSCODE_CWD = C:\Users\buikr\Desktop\2DRogueLike
# environment
PATH = C:\Program Files (x86)\VMware\VMware Player\bin\;C:\Windows\system32;C:\Windows;C:\Windows\System32\Wbem;C:\Windows\System32\WindowsPowerShell\v1.0\;C:\Windows\System32\OpenSSH\;C:\Program Files\dotnet\;C:\Program Files\Git\cmd;C:\TDM-GCC-64\bin;C:\Users\buikr\AppData\Local\Microsoft\WindowsApps;C:\Users\buikr\AppData\Local\Programs\Microsoft VS Code\bin;C:\Users\buikr\.dotnet\tools;C:\Python27;C:\Python27\Scripts;C:\Users\buikr\AppData\Local\CIRCLE;C:\Users\buikr\AppData\Local\Microsoft\WindowsApps;C:\Users\buikr\AppData\Local\Programs\Microsoft VS Code\bin;C:\Users\buikr\.dotnet\tools;C:\TDM-GCC-64\bin;C:\Users\buikr\Desktop\Godot_v3.2.3-stable_mono_win64\;;c:\Users\buikr\Desktop\Godot_v3.2.3-stable_mono_win64/GodotSharp/Mono/bin
# environment
PROCESSOR_ARCHITECTURE = x86
# environment
USERPROFILE = C:\Users\buikr
# environment
ALLUSERSPROFILE = C:\ProgramData
# environment
ComSpec = C:\Windows\system32\cmd.exe
# environment
VSCODE_LOG_STACK = false
# environment
NUMBER_OF_PROCESSORS = 6
# environment
ELECTRON_RUN_AS_NODE = 1
# default
.FEATURES := target-specific order-only second-expansion else-if shortest-stem undefine oneshell archives jobserver
# environment
ProgramW6432 = C:\Program Files
# automatic
%F = $(notdir $%)
# environment
CHROME_CRASHPAD_PIPE_NAME = \\.\pipe\crashpad_5748_CJMUXMXNXCTZAWXI
# environment
VSCODE_PIPE_LOGGING = true
# environment
COMPUTERNAME = DESKTOP-N1H7NKS
# environment
ORIGINAL_XDG_CURRENT_DESKTOP = undefined
# environment
USERNAME = buikr
# environment
PUBLIC = C:\Users\Public
# environment
VSCODE_AMD_ENTRYPOINT = vs/workbench/services/extensions/node/extensionHostProcess
# environment
CommonProgramW6432 = C:\Program Files\Common Files
# environment
ProgramData = C:\ProgramData
# environment
VSCODE_CLI = 1
# environment
APPLICATION_INSIGHTS_NO_DIAGNOSTIC_CHANNEL = true
# environment
LOGONSERVER = \\DESKTOP-N1H7NKS
# environment
VSCODE_HANDLES_UNCAUGHT_ERRORS = true
# environment
USERDOMAIN = DESKTOP-N1H7NKS
# environment
MAKELEVEL := 0
# environment
VSCODE_GIT_IPC_HANDLE = \\.\pipe\vscode-git-3385754ea0-sock
# environment
COLORTERM = truecolor
# default
MAKE = $(MAKE_COMMAND)
# default
MAKECMDGOALS := all
# default
MAKE_VERSION := 3.82.90
# makefile
.DEFAULT_GOAL := 
# environment
OneDrive = C:\Users\buikr\OneDrive
# automatic
%D = $(patsubst %/,%,$(patsubst %\,%,$(dir $%)))
# environment
DriverData = C:\Windows\System32\Drivers\DriverData
# environment
LOCALAPPDATA = C:\Users\buikr\AppData\Local
# default
MAKE_COMMAND := mingw32-make.exe
# environment
PROCESSOR_ARCHITEW6432 = AMD64
# environment
OneDriveConsumer = C:\Users\buikr\OneDrive
# environment
TERM_PROGRAM = vscode
# default
.VARIABLES := 
# automatic
*F = $(notdir $*)
# environment
PROCESSOR_IDENTIFIER = Intel64 Family 6 Model 158 Stepping 10, GenuineIntel
# environment
OS = Windows_NT
# environment
VSCODE_IPC_HOOK = \\.\pipe\1b97e555f4649667be5cc3b542d724cf-1.55.2-main-sock
# environment
VSCODE_GIT_ASKPASS_NODE = C:\Users\buikr\App 
Data\Local\Programs\Microsoft VS Code\Code.exe
# environment
HOMEPATH = \Users\buikr
# environment
PROMPT = $P$G
# environment
MFLAGS = -Rrqp
# automatic
*D = $(patsubst %/,%,$(patsubst %\,%,$(dir $*)))
# environment
TERM_PROGRAM_VERSION = 1.55.2
# environment
PSModulePath = C:\Program Files\WindowsPowerShell\Modules;C:\Windows\system32\WindowsPowerShell\v1.0\Modules
# automatic
+D = $(patsubst %/,%,$(patsubst %\,%,$(dir $+)))
# environment
windir = C:\Windows
# automatic
+F = $(notdir $+)
# default
SUFFIXES := 
# environment
APPDATA = C:\Users\buikr\AppData\Roaming
# environment
TEMP = C:\Users\buikr\AppData\Local\Temp
# environment
GIT_ASKPASS = c:\Users\buikr\AppData\Local\Programs\Microsoft VS Code\resources\app\extensions\git\dist\askpass.sh
# default
MAKEFILES := 
# automatic
<F = $(notdir $<)
# environment
ELECTRON_NO_ATTACH_CONSOLE = 1
# environment
MONO_THREADS_SUSPEND = preemptive
# automatic
^F = $(notdir $^)
# environment
ProgramFiles = C:\Program Files (x86)
# environment
SESSIONNAME = Console
# environment
PROCESSOR_REVISION = 9e0a
# default
.RECIPEPREFIX := 
# environment
LANG = en_US.UTF-8
# environment
PROCESSOR_LEVEL = 6
# environment
VSCODE_PID = 5748
# environment
USERDOMAIN_ROAMINGPROFILE = DESKTOP-N1H7NKS
# variable set hash-table stats:
# Load=98/1024=10%, Rehash=0, Collisions=14/113=12%

# Pattern-specific Variable Values

# No pattern-specific variable values.

# Directories

# : could not be stat'd.
# c:\Users\buikr\Desktop\Godot_v3.2.3-stable_mono_win64/GodotSharp/Mono/bin (key c:/Users/buikr/Desktop/Godot_v3.2.3-stable_mono_win64/GodotSharp/Mono/bin, mtime 1600270424): 3 files, no impossibilities.
# C:\Python27\Scripts (key C:/Python27/Scripts, mtime 1614530819): 12 files, no impossibilities.
# C:\Windows\System32\WindowsPowerShell\v1.0\ (key C:/Windows/System32/WindowsPowerShell/v1.0/, mtime 1605758029): 30 files, no impossibilities.
# . (key c:/Users/buikr/Desktop/2DRogueLike, mtime 1619867919): 58 files, no impossibilities.
# C:\Users\buikr\AppData\Local\Microsoft\WindowsApps (key C 
:/Users/buikr/AppData/Local/Microsoft/WindowsApps, mtime 1619291602): 25 files, no impossibilities.
# C:\Users\buikr\Desktop\Godot_v3.2.3-stable_mono_win64\ (key C:/Users/buikr/Desktop/Godot_v3.2.3-stable_mono_win64/, mtime 1600325745): 4 files, no impossibilities.
# C:\TDM-GCC-64\bin (key C:/TDM-GCC-64/bin, mtime 1613655979): 60 files, no impossibilities.
# C:\Program Files\Git\cmd (key C:/Program Files/Git/cmd, mtime 1612865198): 8 files, no impossibilities.
# C:\Windows\System32\OpenSSH\: could not be stat'd.
# C:\Users\buikr\AppData\Local\Programs\Microsoft VS Code\bin (key C:/Users/buikr/AppData/Local/Programs/Microsoft VS Code/bin, mtime 1618397808): 4 files, no impossibilities.
# C:\Program Files (x86)\VMware\VMware Player\bin\ (key C:/Program Files (x86)/VMware/VMware Player/bin/, mtime 1617645030): 4 files, no impossibilities.
# C:\Users\buikr\.dotnet\tools: could not be stat'd.
# C:\Users\buikr\AppData\Local\CIRCLE (key C:/Users/buikr/AppData/Local/CIRCLE, mtime 1614530820): 14 files, no impossibilities.
# C:\Windows (key C:/Windows, mtime 1618525888): 109 files, no impossibilities.
# C:\Windows\System32\Wbem (key C:/Windows/System32/Wbem, mtime 1615509194): 170 files, no impossibilities.
# C:\Program Files\dotnet\ (key C:/Program Files/dotnet/, mtime 1612829441): 10 files, no impossibilities.
# C:\Windows\system32 (key C:/Windows/system32, mtime 1619853540): 3065 files, no impossibilities.
# C:\Python27 (key C:/Python27, mtime 1614530752): 15 files, no impossibilities.

# 3591 files, no impossibilities in 19 directories.

# Implicit Rules

# No implicit rules.

# Files

# Not a target:
all:
#  Command line target.
#  Implicit rule search has been done.
#  File does not exist.
#  File has not been updated.

# Not a target:
.SUFFIXES:
#  Implicit rule search has not been done.
#  Modification time never checked.
#  File has not been updated.

# Not a target:
Makefile:
#  Implicit rule search has been done.
#  File does not exist.
#  File has been updated.
#  Failed to be updated.

# Not a target:
makefile:
#  Implicit rule search has been done.
#  File does not exist.
#  File has been updated.
#  Failed to be updated.

# Not a target:
.DEFAULT:
#  Implicit rule search has not been done.
#  Modification time never checked.
#  File has not been updated.

# Not a target:
GNUmakefile:
#  Implicit rule search has been done.
#  File does not exist.
#  File has been updated.
#  Failed to be updated.

# files hash-table stats:
# Load=6/1024=1%, Rehash=0, Collisions=0/15=0%
# VPATH Search Paths

# No 'vpath' search 
mingw32-make.exe: *** No rule to make target 'all'.  Stop.
 
 paths.

# No general ('VPATH' variable) search path.

# strcache buffers: 7 (5) / strings = 3564 / storage = 53820 B / avg = 15 B
# current buf: size = 8174 B / used = 4842 B / count = 297 / avg = 16 B
# other used: total = 45646 B / count = 3267 / avg = 13 B
# other free: total = 66 B / max = 20 B / min = 3 B / avg = 11 B

# strcache performance: lookups = 3617 / hit rate = 1%
# hash-table stats:
# Load=3564/8192=44%, Rehash=0, Collisions=1248/3617=35%
# Finished Make data base on Sat May 01 13:18:43 2021

 
